<?xml version="1.0" encoding="UTF-8"?>
<!-- Generated by org.testng.reporters.JUnitReportReporter -->
<testsuite hostname="Piyush-PC" failures="0" tests="1" name="com.jenkins.JenkinsDemo.TestNGToDo2" time="11.350" errors="0" timestamp="2024-04-19T18:27:54 IST" skipped="0">
  <testcase classname="com.jenkins.JenkinsDemo.TestNGToDo2" name="basicTest" time="11.350"/>
</testsuite> <!-- com.jenkins.JenkinsDemo.TestNGToDo2 -->
