<?xml version="1.0" encoding="UTF-8"?>
<!-- Generated by org.testng.reporters.JUnitReportReporter -->
<testsuite hostname="Piyush-PC" failures="0" tests="1" name="com.jenkins.JenkinsDemo.Demo_For_Jenkins" time="5.970" errors="0" timestamp="2024-04-24T19:13:17 IST" skipped="0">
  <testcase classname="com.jenkins.JenkinsDemo.Demo_For_Jenkins" name="demo" time="5.970"/>
</testsuite> <!-- com.jenkins.JenkinsDemo.Demo_For_Jenkins -->
