<?xml version="1.0" encoding="UTF-8"?>
<!-- Generated by org.testng.reporters.JUnitReportReporter -->
<testsuite hostname="Piyush-PC" failures="0" tests="1" name="com.jenkins.JenkinsDemo.Demo_For_Jenkins" time="15.353" errors="0" timestamp="2024-04-25T12:16:04 IST" skipped="0">
  <testcase classname="com.jenkins.JenkinsDemo.Demo_For_Jenkins" name="demo" time="15.353"/>
</testsuite> <!-- com.jenkins.JenkinsDemo.Demo_For_Jenkins -->
